Performing C++ SOURCE FILE Test COMPILER_SUPPORT_Wshorten64to32 failed with the following output:
Change Dir: /home/suisei/windata1/projects/research/doctor/projects/mmg_simulator/build/CMakeFiles/CMakeTmp

Run Build Command:"/usr/bin/make" "cmTC_4cb86/fast"
/usr/bin/make -f CMakeFiles/cmTC_4cb86.dir/build.make CMakeFiles/cmTC_4cb86.dir/build
make[1]: Entering directory '/media/suisei/windata1/data/projects/research/doctor/projects/mmg_simulator/build/CMakeFiles/CMakeTmp'
Building CXX object CMakeFiles/cmTC_4cb86.dir/src.cxx.o
/usr/bin/c++    -std=c++03 -pedantic -Wall -Wextra -Wundef -Wcast-align -Wchar-subscripts -Wnon-virtual-dtor -Wunused-local-typedefs -Wpointer-arith -Wwrite-strings -Wformat-security -DCOMPILER_SUPPORT_Wshorten64to32 -Werror   -Wshorten-64-to-32 -o CMakeFiles/cmTC_4cb86.dir/src.cxx.o -c /home/suisei/windata1/projects/research/doctor/projects/mmg_simulator/build/CMakeFiles/CMakeTmp/src.cxx
c++: error: unrecognized command line option '-Wshorten-64-to-32'
CMakeFiles/cmTC_4cb86.dir/build.make:65: recipe for target 'CMakeFiles/cmTC_4cb86.dir/src.cxx.o' failed
make[1]: *** [CMakeFiles/cmTC_4cb86.dir/src.cxx.o] Error 1
make[1]: Leaving directory '/media/suisei/windata1/data/projects/research/doctor/projects/mmg_simulator/build/CMakeFiles/CMakeTmp'
Makefile:126: recipe for target 'cmTC_4cb86/fast' failed
make: *** [cmTC_4cb86/fast] Error 2

Source file was:
int main() { return 0; }
Performing C++ SOURCE FILE Test COMPILER_SUPPORT_Wenumconversion failed with the following output:
Change Dir: /home/suisei/windata1/projects/research/doctor/projects/mmg_simulator/build/CMakeFiles/CMakeTmp

Run Build Command:"/usr/bin/make" "cmTC_4ba5f/fast"
/usr/bin/make -f CMakeFiles/cmTC_4ba5f.dir/build.make CMakeFiles/cmTC_4ba5f.dir/build
make[1]: Entering directory '/media/suisei/windata1/data/projects/research/doctor/projects/mmg_simulator/build/CMakeFiles/CMakeTmp'
Building CXX object CMakeFiles/cmTC_4ba5f.dir/src.cxx.o
/usr/bin/c++    -std=c++03 -pedantic -Wall -Wextra -Wundef -Wcast-align -Wchar-subscripts -Wnon-virtual-dtor -Wunused-local-typedefs -Wpointer-arith -Wwrite-strings -Wformat-security -Wlogical-op -DCOMPILER_SUPPORT_Wenumconversion -Werror   -Wenum-conversion -o CMakeFiles/cmTC_4ba5f.dir/src.cxx.o -c /home/suisei/windata1/projects/research/doctor/projects/mmg_simulator/build/CMakeFiles/CMakeTmp/src.cxx
c++: error: unrecognized command line option '-Wenum-conversion'; did you mean '-Wno-conversion'?
CMakeFiles/cmTC_4ba5f.dir/build.make:65: recipe for target 'CMakeFiles/cmTC_4ba5f.dir/src.cxx.o' failed
make[1]: *** [CMakeFiles/cmTC_4ba5f.dir/src.cxx.o] Error 1
make[1]: Leaving directory '/media/suisei/windata1/data/projects/research/doctor/projects/mmg_simulator/build/CMakeFiles/CMakeTmp'
Makefile:126: recipe for target 'cmTC_4ba5f/fast' failed
make: *** [cmTC_4ba5f/fast] Error 2

Source file was:
int main() { return 0; }
Performing C++ SOURCE FILE Test COMPILER_SUPPORT_Wcpp11extensions failed with the following output:
Change Dir: /home/suisei/windata1/projects/research/doctor/projects/mmg_simulator/build/CMakeFiles/CMakeTmp

Run Build Command:"/usr/bin/make" "cmTC_f71cb/fast"
/usr/bin/make -f CMakeFiles/cmTC_f71cb.dir/build.make CMakeFiles/cmTC_f71cb.dir/build
make[1]: Entering directory '/media/suisei/windata1/data/projects/research/doctor/projects/mmg_simulator/build/CMakeFiles/CMakeTmp'
Building CXX object CMakeFiles/cmTC_f71cb.dir/src.cxx.o
/usr/bin/c++    -std=c++03 -pedantic -Wall -Wextra -Wundef -Wcast-align -Wchar-subscripts -Wnon-virtual-dtor -Wunused-local-typedefs -Wpointer-arith -Wwrite-strings -Wformat-security -Wlogical-op -DCOMPILER_SUPPORT_Wcpp11extensions -Werror   -Wc++11-extensions -o CMakeFiles/cmTC_f71cb.dir/src.cxx.o -c /home/suisei/windata1/projects/research/doctor/projects/mmg_simulator/build/CMakeFiles/CMakeTmp/src.cxx
c++: error: unrecognized command line option '-Wc++11-extensions'; did you mean '-fms-extensions'?
CMakeFiles/cmTC_f71cb.dir/build.make:65: recipe for target 'CMakeFiles/cmTC_f71cb.dir/src.cxx.o' failed
make[1]: *** [CMakeFiles/cmTC_f71cb.dir/src.cxx.o] Error 1
make[1]: Leaving directory '/media/suisei/windata1/data/projects/research/doctor/projects/mmg_simulator/build/CMakeFiles/CMakeTmp'
Makefile:126: recipe for target 'cmTC_f71cb/fast' failed
make: *** [cmTC_f71cb/fast] Error 2

Source file was:
int main() { return 0; }
Performing C++ SOURCE FILE Test COMPILER_SUPPORT_wd981 failed with the following output:
Change Dir: /home/suisei/windata1/projects/research/doctor/projects/mmg_simulator/build/CMakeFiles/CMakeTmp

Run Build Command:"/usr/bin/make" "cmTC_06567/fast"
/usr/bin/make -f CMakeFiles/cmTC_06567.dir/build.make CMakeFiles/cmTC_06567.dir/build
make[1]: Entering directory '/media/suisei/windata1/data/projects/research/doctor/projects/mmg_simulator/build/CMakeFiles/CMakeTmp'
Building CXX object CMakeFiles/cmTC_06567.dir/src.cxx.o
/usr/bin/c++    -std=c++03 -pedantic -Wall -Wextra -Wundef -Wcast-align -Wchar-subscripts -Wnon-virtual-dtor -Wunused-local-typedefs -Wpointer-arith -Wwrite-strings -Wformat-security -Wlogical-op -Wdouble-promotion -Wno-psabi -Wno-variadic-macros -Wno-long-long -fno-check-new -fno-common -fstrict-aliasing -DCOMPILER_SUPPORT_wd981 -Werror   -wd981 -o CMakeFiles/cmTC_06567.dir/src.cxx.o -c /home/suisei/windata1/projects/research/doctor/projects/mmg_simulator/build/CMakeFiles/CMakeTmp/src.cxx
c++: error: unrecognized command line option '-wd981'
CMakeFiles/cmTC_06567.dir/build.make:65: recipe for target 'CMakeFiles/cmTC_06567.dir/src.cxx.o' failed
make[1]: *** [CMakeFiles/cmTC_06567.dir/src.cxx.o] Error 1
make[1]: Leaving directory '/media/suisei/windata1/data/projects/research/doctor/projects/mmg_simulator/build/CMakeFiles/CMakeTmp'
Makefile:126: recipe for target 'cmTC_06567/fast' failed
make: *** [cmTC_06567/fast] Error 2

Source file was:
int main() { return 0; }
Performing C++ SOURCE FILE Test COMPILER_SUPPORT_wd2304 failed with the following output:
Change Dir: /home/suisei/windata1/projects/research/doctor/projects/mmg_simulator/build/CMakeFiles/CMakeTmp

Run Build Command:"/usr/bin/make" "cmTC_b6d7c/fast"
/usr/bin/make -f CMakeFiles/cmTC_b6d7c.dir/build.make CMakeFiles/cmTC_b6d7c.dir/build
make[1]: Entering directory '/media/suisei/windata1/data/projects/research/doctor/projects/mmg_simulator/build/CMakeFiles/CMakeTmp'
Building CXX object CMakeFiles/cmTC_b6d7c.dir/src.cxx.o
/usr/bin/c++    -std=c++03 -pedantic -Wall -Wextra -Wundef -Wcast-align -Wchar-subscripts -Wnon-virtual-dtor -Wunused-local-typedefs -Wpointer-arith -Wwrite-strings -Wformat-security -Wlogical-op -Wdouble-promotion -Wno-psabi -Wno-variadic-macros -Wno-long-long -fno-check-new -fno-common -fstrict-aliasing -DCOMPILER_SUPPORT_wd2304 -Werror   -wd2304 -o CMakeFiles/cmTC_b6d7c.dir/src.cxx.o -c /home/suisei/windata1/projects/research/doctor/projects/mmg_simulator/build/CMakeFiles/CMakeTmp/src.cxx
c++: error: unrecognized command line option '-wd2304'
CMakeFiles/cmTC_b6d7c.dir/build.make:65: recipe for target 'CMakeFiles/cmTC_b6d7c.dir/src.cxx.o' failed
make[1]: *** [CMakeFiles/cmTC_b6d7c.dir/src.cxx.o] Error 1
make[1]: Leaving directory '/media/suisei/windata1/data/projects/research/doctor/projects/mmg_simulator/build/CMakeFiles/CMakeTmp'
Makefile:126: recipe for target 'cmTC_b6d7c/fast' failed
make: *** [cmTC_b6d7c/fast] Error 2

Source file was:
int main() { return 0; }
Performing C++ SOURCE FILE Test COMPILER_SUPPORT_STRICTANSI failed with the following output:
Change Dir: /home/suisei/windata1/projects/research/doctor/projects/mmg_simulator/build/CMakeFiles/CMakeTmp

Run Build Command:"/usr/bin/make" "cmTC_347f1/fast"
/usr/bin/make -f CMakeFiles/cmTC_347f1.dir/build.make CMakeFiles/cmTC_347f1.dir/build
make[1]: Entering directory '/media/suisei/windata1/data/projects/research/doctor/projects/mmg_simulator/build/CMakeFiles/CMakeTmp'
Building CXX object CMakeFiles/cmTC_347f1.dir/src.cxx.o
/usr/bin/c++    -std=c++03 -pedantic -Wall -Wextra -Wundef -Wcast-align -Wchar-subscripts -Wnon-virtual-dtor -Wunused-local-typedefs -Wpointer-arith -Wwrite-strings -Wformat-security -Wlogical-op -Wdouble-promotion -Wno-psabi -Wno-variadic-macros -Wno-long-long -fno-check-new -fno-common -fstrict-aliasing -DCOMPILER_SUPPORT_STRICTANSI -Werror   -strict-ansi -o CMakeFiles/cmTC_347f1.dir/src.cxx.o -c /home/suisei/windata1/projects/research/doctor/projects/mmg_simulator/build/CMakeFiles/CMakeTmp/src.cxx
c++: error: unrecognized command line option '-strict-ansi'; did you mean '-fstrict-enums'?
CMakeFiles/cmTC_347f1.dir/build.make:65: recipe for target 'CMakeFiles/cmTC_347f1.dir/src.cxx.o' failed
make[1]: *** [CMakeFiles/cmTC_347f1.dir/src.cxx.o] Error 1
make[1]: Leaving directory '/media/suisei/windata1/data/projects/research/doctor/projects/mmg_simulator/build/CMakeFiles/CMakeTmp'
Makefile:126: recipe for target 'cmTC_347f1/fast' failed
make: *** [cmTC_347f1/fast] Error 2

Source file was:
int main() { return 0; }
Performing C++ SOURCE FILE Test COMPILER_SUPPORT_Qunusedarguments failed with the following output:
Change Dir: /home/suisei/windata1/projects/research/doctor/projects/mmg_simulator/build/CMakeFiles/CMakeTmp

Run Build Command:"/usr/bin/make" "cmTC_3bbcc/fast"
/usr/bin/make -f CMakeFiles/cmTC_3bbcc.dir/build.make CMakeFiles/cmTC_3bbcc.dir/build
make[1]: Entering directory '/media/suisei/windata1/data/projects/research/doctor/projects/mmg_simulator/build/CMakeFiles/CMakeTmp'
Building CXX object CMakeFiles/cmTC_3bbcc.dir/src.cxx.o
/usr/bin/c++    -std=c++03 -pedantic -Wall -Wextra -Wundef -Wcast-align -Wchar-subscripts -Wnon-virtual-dtor -Wunused-local-typedefs -Wpointer-arith -Wwrite-strings -Wformat-security -Wlogical-op -Wdouble-promotion -Wno-psabi -Wno-variadic-macros -Wno-long-long -fno-check-new -fno-common -fstrict-aliasing -DCOMPILER_SUPPORT_Qunusedarguments -Werror   -Qunused-arguments -o CMakeFiles/cmTC_3bbcc.dir/src.cxx.o -c /home/suisei/windata1/projects/research/doctor/projects/mmg_simulator/build/CMakeFiles/CMakeTmp/src.cxx
c++: error: unrecognized command line option '-Qunused-arguments'; did you mean '-Wunused-parameter'?
CMakeFiles/cmTC_3bbcc.dir/build.make:65: recipe for target 'CMakeFiles/cmTC_3bbcc.dir/src.cxx.o' failed
make[1]: *** [CMakeFiles/cmTC_3bbcc.dir/src.cxx.o] Error 1
make[1]: Leaving directory '/media/suisei/windata1/data/projects/research/doctor/projects/mmg_simulator/build/CMakeFiles/CMakeTmp'
Makefile:126: recipe for target 'cmTC_3bbcc/fast' failed
make: *** [cmTC_3bbcc/fast] Error 2

Source file was:
int main() { return 0; }
Determining if the pthread_create exist failed with the following output:
Change Dir: /home/suisei/windata1/projects/research/doctor/projects/mmg_simulator/build/CMakeFiles/CMakeTmp

Run Build Command:"/usr/bin/make" "cmTC_e2758/fast"
/usr/bin/make -f CMakeFiles/cmTC_e2758.dir/build.make CMakeFiles/cmTC_e2758.dir/build
make[1]: ディレクトリ '/media/suisei/windata1/data/projects/research/doctor/projects/mmg_simulator/build/CMakeFiles/CMakeTmp' に入ります
Building C object CMakeFiles/cmTC_e2758.dir/CheckSymbolExists.c.o
/usr/bin/cc    -o CMakeFiles/cmTC_e2758.dir/CheckSymbolExists.c.o   -c /home/suisei/windata1/projects/research/doctor/projects/mmg_simulator/build/CMakeFiles/CMakeTmp/CheckSymbolExists.c
Linking C executable cmTC_e2758
/usr/bin/cmake -E cmake_link_script CMakeFiles/cmTC_e2758.dir/link.txt --verbose=1
/usr/bin/cc      -rdynamic CMakeFiles/cmTC_e2758.dir/CheckSymbolExists.c.o  -o cmTC_e2758 
CMakeFiles/cmTC_e2758.dir/CheckSymbolExists.c.o: 関数 `main' 内:
CheckSymbolExists.c:(.text+0x1b): `pthread_create' に対する定義されていない参照です
collect2: error: ld returned 1 exit status
CMakeFiles/cmTC_e2758.dir/build.make:97: recipe for target 'cmTC_e2758' failed
make[1]: *** [cmTC_e2758] Error 1
make[1]: ディレクトリ '/media/suisei/windata1/data/projects/research/doctor/projects/mmg_simulator/build/CMakeFiles/CMakeTmp' から出ます
Makefile:126: recipe for target 'cmTC_e2758/fast' failed
make: *** [cmTC_e2758/fast] Error 2

File /home/suisei/windata1/projects/research/doctor/projects/mmg_simulator/build/CMakeFiles/CMakeTmp/CheckSymbolExists.c:
/* */
#include <pthread.h>

int main(int argc, char** argv)
{
  (void)argv;
#ifndef pthread_create
  return ((int*)(&pthread_create))[argc];
#else
  (void)argc;
  return 0;
#endif
}

Determining if the function pthread_create exists in the pthreads failed with the following output:
Change Dir: /home/suisei/windata1/projects/research/doctor/projects/mmg_simulator/build/CMakeFiles/CMakeTmp

Run Build Command:"/usr/bin/make" "cmTC_d32de/fast"
/usr/bin/make -f CMakeFiles/cmTC_d32de.dir/build.make CMakeFiles/cmTC_d32de.dir/build
make[1]: ディレクトリ '/media/suisei/windata1/data/projects/research/doctor/projects/mmg_simulator/build/CMakeFiles/CMakeTmp' に入ります
Building C object CMakeFiles/cmTC_d32de.dir/CheckFunctionExists.c.o
/usr/bin/cc   -DCHECK_FUNCTION_EXISTS=pthread_create   -o CMakeFiles/cmTC_d32de.dir/CheckFunctionExists.c.o   -c /usr/share/cmake-3.10/Modules/CheckFunctionExists.c
Linking C executable cmTC_d32de
/usr/bin/cmake -E cmake_link_script CMakeFiles/cmTC_d32de.dir/link.txt --verbose=1
/usr/bin/cc  -DCHECK_FUNCTION_EXISTS=pthread_create    -rdynamic CMakeFiles/cmTC_d32de.dir/CheckFunctionExists.c.o  -o cmTC_d32de -lpthreads 
/usr/bin/ld: -lpthreads が見つかりません
collect2: error: ld returned 1 exit status
CMakeFiles/cmTC_d32de.dir/build.make:97: recipe for target 'cmTC_d32de' failed
make[1]: *** [cmTC_d32de] Error 1
make[1]: ディレクトリ '/media/suisei/windata1/data/projects/research/doctor/projects/mmg_simulator/build/CMakeFiles/CMakeTmp' から出ます
Makefile:126: recipe for target 'cmTC_d32de/fast' failed
make: *** [cmTC_d32de/fast] Error 2


